2025-10-20 10:08:12,206 - apscheduler.scheduler - INFO - Adding job tentatively -- it will be properly scheduled when the scheduler starts
2025-10-20 10:08:12,211 - apscheduler.scheduler - INFO - Added job "clone_database_robust" to job store "default"
2025-10-20 10:08:12,212 - apscheduler.scheduler - INFO - Scheduler started
2025-10-20 10:08:12,569 - apscheduler.scheduler - INFO - Scheduler has been shut down
2025-10-20 10:09:13,961 - apscheduler.scheduler - INFO - Adding job tentatively -- it will be properly scheduled when the scheduler starts
2025-10-20 10:09:13,964 - apscheduler.scheduler - INFO - Added job "clone_database_robust" to job store "default"
2025-10-20 10:09:13,964 - apscheduler.scheduler - INFO - Scheduler started
2025-10-20 10:09:14,024 - apscheduler.scheduler - INFO - Scheduler has been shut down
2025-10-20 10:11:41,735 - apscheduler.scheduler - INFO - Adding job tentatively -- it will be properly scheduled when the scheduler starts
2025-10-20 10:11:41,738 - apscheduler.scheduler - INFO - Added job "clone_database_robust" to job store "default"
2025-10-20 10:11:41,739 - apscheduler.scheduler - INFO - Scheduler started
2025-10-20 10:11:41,742 - apscheduler.scheduler - INFO - Adding job tentatively -- it will be properly scheduled when the scheduler starts
2025-10-20 10:11:41,744 - apscheduler.scheduler - INFO - Added job "keep_databases_alive" to job store "default"
2025-10-20 10:11:41,744 - apscheduler.scheduler - INFO - Scheduler started
2025-10-20 10:11:41,747 - apscheduler.scheduler - INFO - Adding job tentatively -- it will be properly scheduled when the scheduler starts
2025-10-20 10:11:41,747 - apscheduler.scheduler - INFO - Added job "delete_old_announcements" to job store "default"
2025-10-20 10:11:41,748 - apscheduler.scheduler - INFO - Scheduler started
2025-10-20 10:11:41,818 - apscheduler.scheduler - INFO - Adding job tentatively -- it will be properly scheduled when the scheduler starts
2025-10-20 10:11:41,819 - apscheduler.scheduler - INFO - Added job "periodic_cleanup" to job store "default"
2025-10-20 10:11:41,820 - apscheduler.scheduler - INFO - Scheduler started
2025-10-20 10:11:41,821 - apscheduler.scheduler - INFO - Adding job tentatively -- it will be properly scheduled when the scheduler starts
2025-10-20 10:11:41,822 - apscheduler.scheduler - INFO - Added job "ping_urls" to job store "default"
2025-10-20 10:11:41,823 - apscheduler.scheduler - INFO - Scheduler started
2025-10-20 10:11:46,045 - apscheduler.scheduler - INFO - Scheduler has been shut down
2025-10-20 10:12:10,464 - apscheduler.scheduler - INFO - Adding job tentatively -- it will be properly scheduled when the scheduler starts
2025-10-20 10:12:10,469 - apscheduler.scheduler - INFO - Added job "clone_database_robust" to job store "default"
2025-10-20 10:12:10,471 - apscheduler.scheduler - INFO - Scheduler started
2025-10-20 10:12:10,478 - apscheduler.scheduler - INFO - Adding job tentatively -- it will be properly scheduled when the scheduler starts
2025-10-20 10:12:10,480 - apscheduler.scheduler - INFO - Added job "keep_databases_alive" to job store "default"
2025-10-20 10:12:10,482 - apscheduler.scheduler - INFO - Scheduler started
2025-10-20 10:12:10,489 - apscheduler.scheduler - INFO - Adding job tentatively -- it will be properly scheduled when the scheduler starts
2025-10-20 10:12:10,491 - apscheduler.scheduler - INFO - Added job "delete_old_announcements" to job store "default"
2025-10-20 10:12:10,492 - apscheduler.scheduler - INFO - Scheduler started
2025-10-20 10:12:10,559 - apscheduler.scheduler - INFO - Adding job tentatively -- it will be properly scheduled when the scheduler starts
2025-10-20 10:12:10,562 - apscheduler.scheduler - INFO - Added job "periodic_cleanup" to job store "default"
2025-10-20 10:12:10,563 - apscheduler.scheduler - INFO - Scheduler started
2025-10-20 10:12:10,566 - apscheduler.scheduler - INFO - Adding job tentatively -- it will be properly scheduled when the scheduler starts
2025-10-20 10:12:10,571 - apscheduler.scheduler - INFO - Added job "ping_urls" to job store "default"
2025-10-20 10:12:10,573 - apscheduler.scheduler - INFO - Scheduler started
2025-10-20 10:13:10,561 - apscheduler.executors.default - INFO - Running job "periodic_cleanup (trigger: interval[0:01:00], next run at: 2025-10-20 10:13:10 EAT)" (scheduled at 2025-10-20 10:13:10.559133+03:00)
2025-10-20 10:13:10,564 - apscheduler.executors.default - INFO - Job "periodic_cleanup (trigger: interval[0:01:00], next run at: 2025-10-20 10:13:10 EAT)" executed successfully
2025-10-20 10:14:10,562 - apscheduler.executors.default - INFO - Running job "periodic_cleanup (trigger: interval[0:01:00], next run at: 2025-10-20 10:15:10 EAT)" (scheduled at 2025-10-20 10:14:10.559133+03:00)
2025-10-20 10:14:10,564 - apscheduler.executors.default - INFO - Job "periodic_cleanup (trigger: interval[0:01:00], next run at: 2025-10-20 10:15:10 EAT)" executed successfully
2025-10-20 10:15:10,480 - apscheduler.executors.default - INFO - Running job "keep_databases_alive (trigger: interval[0:03:00], next run at: 2025-10-20 10:15:10 EAT)" (scheduled at 2025-10-20 10:15:10.478277+03:00)
2025-10-20 10:15:10,645 - apscheduler.executors.default - INFO - Running job "periodic_cleanup (trigger: interval[0:01:00], next run at: 2025-10-20 10:16:10 EAT)" (scheduled at 2025-10-20 10:15:10.559133+03:00)
2025-10-20 10:15:10,698 - apscheduler.executors.default - ERROR - Job "periodic_cleanup (trigger: interval[0:01:00], next run at: 2025-10-20 10:16:10 EAT)" raised an exception
Traceback (most recent call last):
  File "/home/lyxin/.venv/lib/python3.12/site-packages/apscheduler/executors/base.py", line 131, in run_job
    retval = job.func(*job.args, **job.kwargs)
             ^^^^^^^^^^^^^^^^^^^^^^^^^^^^^^^^^
  File "/mnt/c/Users/HP/LyxNexus/app.py", line 1837, in periodic_cleanup
    cleanup_disconnected_users()
  File "/mnt/c/Users/HP/LyxNexus/app.py", line 1410, in cleanup_disconnected_users
    emit('user_left', {
  File "/home/lyxin/.venv/lib/python3.12/site-packages/flask_socketio/__init__.py", line 899, in emit
    namespace = flask.request.namespace
                ^^^^^^^^^^^^^^^^^^^^^^^
  File "/home/lyxin/.venv/lib/python3.12/site-packages/werkzeug/local.py", line 311, in __get__
    obj = instance._get_current_object()
          ^^^^^^^^^^^^^^^^^^^^^^^^^^^^^^
  File "/home/lyxin/.venv/lib/python3.12/site-packages/werkzeug/local.py", line 508, in _get_current_object
    raise RuntimeError(unbound_message) from None
RuntimeError: Working outside of request context.

This typically means that you attempted to use functionality that needed
an active HTTP request. Consult the documentation on testing for
information about how to avoid this problem.
2025-10-20 10:15:10,762 - apscheduler.executors.default - INFO - Running job "ping_urls (trigger: interval[0:03:00], next run at: 2025-10-20 10:15:10 EAT)" (scheduled at 2025-10-20 10:15:10.565820+03:00)
2025-10-20 10:15:13,973 - apscheduler.executors.default - INFO - Job "ping_urls (trigger: interval[0:03:00], next run at: 2025-10-20 10:18:10 EAT)" executed successfully
2025-10-20 10:15:23,457 - apscheduler.executors.default - INFO - Job "keep_databases_alive (trigger: interval[0:03:00], next run at: 2025-10-20 10:18:10 EAT)" executed successfully
2025-10-20 10:15:37,784 - apscheduler.scheduler - INFO - Scheduler has been shut down
2025-10-20 10:16:26,742 - apscheduler.scheduler - INFO - Adding job tentatively -- it will be properly scheduled when the scheduler starts
2025-10-20 10:16:26,747 - apscheduler.scheduler - INFO - Added job "clone_database_robust" to job store "default"
2025-10-20 10:16:26,748 - apscheduler.scheduler - INFO - Scheduler started
2025-10-20 10:16:26,754 - apscheduler.scheduler - INFO - Adding job tentatively -- it will be properly scheduled when the scheduler starts
2025-10-20 10:16:26,756 - apscheduler.scheduler - INFO - Added job "keep_databases_alive" to job store "default"
2025-10-20 10:16:26,757 - apscheduler.scheduler - INFO - Scheduler started
2025-10-20 10:16:26,763 - apscheduler.scheduler - INFO - Adding job tentatively -- it will be properly scheduled when the scheduler starts
2025-10-20 10:16:26,768 - apscheduler.scheduler - INFO - Added job "delete_old_announcements" to job store "default"
2025-10-20 10:16:26,770 - apscheduler.scheduler - INFO - Scheduler started
2025-10-20 10:16:26,837 - apscheduler.scheduler - INFO - Adding job tentatively -- it will be properly scheduled when the scheduler starts
2025-10-20 10:16:26,839 - apscheduler.scheduler - INFO - Added job "periodic_cleanup" to job store "default"
2025-10-20 10:16:26,840 - apscheduler.scheduler - INFO - Scheduler started
2025-10-20 10:16:26,843 - apscheduler.scheduler - INFO - Adding job tentatively -- it will be properly scheduled when the scheduler starts
2025-10-20 10:16:26,844 - apscheduler.scheduler - INFO - Added job "ping_urls" to job store "default"
2025-10-20 10:16:26,847 - apscheduler.scheduler - INFO - Scheduler started
2025-10-20 10:17:26,847 - apscheduler.executors.default - INFO - Running job "periodic_cleanup (trigger: interval[0:01:00], next run at: 2025-10-20 10:17:26 EAT)" (scheduled at 2025-10-20 10:17:26.837551+03:00)
2025-10-20 10:17:27,003 - apscheduler.executors.default - ERROR - Job "periodic_cleanup (trigger: interval[0:01:00], next run at: 2025-10-20 10:17:26 EAT)" raised an exception
Traceback (most recent call last):
  File "/home/lyxin/.venv/lib/python3.12/site-packages/apscheduler/executors/base.py", line 131, in run_job
    retval = job.func(*job.args, **job.kwargs)
             ^^^^^^^^^^^^^^^^^^^^^^^^^^^^^^^^^
  File "/mnt/c/Users/HP/LyxNexus/app.py", line 1837, in periodic_cleanup
    cleanup_disconnected_users()
  File "/mnt/c/Users/HP/LyxNexus/app.py", line 1410, in cleanup_disconnected_users
    emit('user_left', {
  File "/home/lyxin/.venv/lib/python3.12/site-packages/flask_socketio/__init__.py", line 899, in emit
    namespace = flask.request.namespace
                ^^^^^^^^^^^^^^^^^^^^^^^
  File "/home/lyxin/.venv/lib/python3.12/site-packages/werkzeug/local.py", line 311, in __get__
    obj = instance._get_current_object()
          ^^^^^^^^^^^^^^^^^^^^^^^^^^^^^^
  File "/home/lyxin/.venv/lib/python3.12/site-packages/werkzeug/local.py", line 508, in _get_current_object
    raise RuntimeError(unbound_message) from None
RuntimeError: Working outside of request context.

This typically means that you attempted to use functionality that needed
an active HTTP request. Consult the documentation on testing for
information about how to avoid this problem.
2025-10-20 10:18:26,840 - apscheduler.executors.default - INFO - Running job "periodic_cleanup (trigger: interval[0:01:00], next run at: 2025-10-20 10:19:26 EAT)" (scheduled at 2025-10-20 10:18:26.837551+03:00)
2025-10-20 10:18:26,844 - apscheduler.executors.default - INFO - Job "periodic_cleanup (trigger: interval[0:01:00], next run at: 2025-10-20 10:19:26 EAT)" executed successfully
2025-10-20 10:19:26,756 - apscheduler.executors.default - INFO - Running job "keep_databases_alive (trigger: interval[0:03:00], next run at: 2025-10-20 10:19:26 EAT)" (scheduled at 2025-10-20 10:19:26.754500+03:00)
2025-10-20 10:19:26,988 - apscheduler.executors.default - INFO - Running job "periodic_cleanup (trigger: interval[0:01:00], next run at: 2025-10-20 10:20:26 EAT)" (scheduled at 2025-10-20 10:19:26.837551+03:00)
2025-10-20 10:19:27,002 - apscheduler.executors.default - INFO - Job "periodic_cleanup (trigger: interval[0:01:00], next run at: 2025-10-20 10:20:26 EAT)" executed successfully
2025-10-20 10:19:27,006 - apscheduler.executors.default - INFO - Running job "ping_urls (trigger: interval[0:03:00], next run at: 2025-10-20 10:19:26 EAT)" (scheduled at 2025-10-20 10:19:26.842887+03:00)
2025-10-20 10:19:29,736 - apscheduler.executors.default - INFO - Job "ping_urls (trigger: interval[0:03:00], next run at: 2025-10-20 10:22:26 EAT)" executed successfully
2025-10-20 10:19:41,388 - apscheduler.executors.default - INFO - Job "keep_databases_alive (trigger: interval[0:03:00], next run at: 2025-10-20 10:22:26 EAT)" executed successfully
2025-10-20 10:20:26,840 - apscheduler.executors.default - INFO - Running job "periodic_cleanup (trigger: interval[0:01:00], next run at: 2025-10-20 10:21:26 EAT)" (scheduled at 2025-10-20 10:20:26.837551+03:00)
2025-10-20 10:20:26,842 - apscheduler.executors.default - INFO - Job "periodic_cleanup (trigger: interval[0:01:00], next run at: 2025-10-20 10:21:26 EAT)" executed successfully
2025-10-20 10:20:33,291 - apscheduler.scheduler - INFO - Scheduler has been shut down
2025-10-20 10:20:59,234 - apscheduler.scheduler - INFO - Adding job tentatively -- it will be properly scheduled when the scheduler starts
2025-10-20 10:20:59,237 - apscheduler.scheduler - INFO - Added job "clone_database_robust" to job store "default"
2025-10-20 10:20:59,238 - apscheduler.scheduler - INFO - Scheduler started
2025-10-20 10:20:59,243 - apscheduler.scheduler - INFO - Adding job tentatively -- it will be properly scheduled when the scheduler starts
2025-10-20 10:20:59,245 - apscheduler.scheduler - INFO - Added job "keep_databases_alive" to job store "default"
2025-10-20 10:20:59,247 - apscheduler.scheduler - INFO - Scheduler started
2025-10-20 10:20:59,251 - apscheduler.scheduler - INFO - Adding job tentatively -- it will be properly scheduled when the scheduler starts
2025-10-20 10:20:59,252 - apscheduler.scheduler - INFO - Added job "delete_old_announcements" to job store "default"
2025-10-20 10:20:59,254 - apscheduler.scheduler - INFO - Scheduler started
2025-10-20 10:20:59,303 - apscheduler.scheduler - INFO - Adding job tentatively -- it will be properly scheduled when the scheduler starts
2025-10-20 10:20:59,304 - apscheduler.scheduler - INFO - Added job "periodic_cleanup" to job store "default"
2025-10-20 10:20:59,305 - apscheduler.scheduler - INFO - Scheduler started
2025-10-20 10:20:59,306 - apscheduler.scheduler - INFO - Adding job tentatively -- it will be properly scheduled when the scheduler starts
2025-10-20 10:20:59,307 - apscheduler.scheduler - INFO - Added job "ping_urls" to job store "default"
2025-10-20 10:20:59,311 - apscheduler.scheduler - INFO - Scheduler started
2025-10-20 10:21:59,306 - apscheduler.executors.default - INFO - Running job "periodic_cleanup (trigger: interval[0:01:00], next run at: 2025-10-20 10:21:59 EAT)" (scheduled at 2025-10-20 10:21:59.303166+03:00)
2025-10-20 10:21:59,311 - apscheduler.executors.default - INFO - Job "periodic_cleanup (trigger: interval[0:01:00], next run at: 2025-10-20 10:21:59 EAT)" executed successfully
2025-10-20 10:22:59,305 - apscheduler.executors.default - INFO - Running job "periodic_cleanup (trigger: interval[0:01:00], next run at: 2025-10-20 10:23:59 EAT)" (scheduled at 2025-10-20 10:22:59.303166+03:00)
2025-10-20 10:22:59,314 - apscheduler.executors.default - ERROR - Job "periodic_cleanup (trigger: interval[0:01:00], next run at: 2025-10-20 10:23:59 EAT)" raised an exception
Traceback (most recent call last):
  File "/home/lyxin/.venv/lib/python3.12/site-packages/apscheduler/executors/base.py", line 131, in run_job
    retval = job.func(*job.args, **job.kwargs)
             ^^^^^^^^^^^^^^^^^^^^^^^^^^^^^^^^^
  File "/mnt/c/Users/HP/LyxNexus/app.py", line 1837, in periodic_cleanup
    cleanup_disconnected_users()
  File "/mnt/c/Users/HP/LyxNexus/app.py", line 1410, in cleanup_disconnected_users
    emit('user_left', {
  File "/home/lyxin/.venv/lib/python3.12/site-packages/flask_socketio/__init__.py", line 899, in emit
    namespace = flask.request.namespace
                ^^^^^^^^^^^^^^^^^^^^^^^
  File "/home/lyxin/.venv/lib/python3.12/site-packages/werkzeug/local.py", line 311, in __get__
    obj = instance._get_current_object()
          ^^^^^^^^^^^^^^^^^^^^^^^^^^^^^^
  File "/home/lyxin/.venv/lib/python3.12/site-packages/werkzeug/local.py", line 508, in _get_current_object
    raise RuntimeError(unbound_message) from None
RuntimeError: Working outside of request context.

This typically means that you attempted to use functionality that needed
an active HTTP request. Consult the documentation on testing for
information about how to avoid this problem.
2025-10-20 10:23:59,244 - apscheduler.executors.default - INFO - Running job "keep_databases_alive (trigger: interval[0:03:00], next run at: 2025-10-20 10:23:59 EAT)" (scheduled at 2025-10-20 10:23:59.242813+03:00)
2025-10-20 10:23:59,462 - apscheduler.executors.default - INFO - Running job "periodic_cleanup (trigger: interval[0:01:00], next run at: 2025-10-20 10:24:59 EAT)" (scheduled at 2025-10-20 10:23:59.303166+03:00)
2025-10-20 10:23:59,584 - apscheduler.executors.default - INFO - Job "periodic_cleanup (trigger: interval[0:01:00], next run at: 2025-10-20 10:24:59 EAT)" executed successfully
2025-10-20 10:23:59,667 - apscheduler.executors.default - INFO - Running job "ping_urls (trigger: interval[0:03:00], next run at: 2025-10-20 10:23:59 EAT)" (scheduled at 2025-10-20 10:23:59.306282+03:00)
2025-10-20 10:24:07,129 - apscheduler.executors.default - INFO - Job "ping_urls (trigger: interval[0:03:00], next run at: 2025-10-20 10:26:59 EAT)" executed successfully
2025-10-20 10:24:12,851 - apscheduler.executors.default - INFO - Job "keep_databases_alive (trigger: interval[0:03:00], next run at: 2025-10-20 10:26:59 EAT)" executed successfully
2025-10-20 10:24:59,304 - apscheduler.executors.default - INFO - Running job "periodic_cleanup (trigger: interval[0:01:00], next run at: 2025-10-20 10:25:59 EAT)" (scheduled at 2025-10-20 10:24:59.303166+03:00)
2025-10-20 10:24:59,306 - apscheduler.executors.default - INFO - Job "periodic_cleanup (trigger: interval[0:01:00], next run at: 2025-10-20 10:25:59 EAT)" executed successfully
2025-10-20 10:25:59,305 - apscheduler.executors.default - INFO - Running job "periodic_cleanup (trigger: interval[0:01:00], next run at: 2025-10-20 10:26:59 EAT)" (scheduled at 2025-10-20 10:25:59.303166+03:00)
2025-10-20 10:25:59,306 - apscheduler.executors.default - INFO - Job "periodic_cleanup (trigger: interval[0:01:00], next run at: 2025-10-20 10:26:59 EAT)" executed successfully
2025-10-20 10:26:59,244 - apscheduler.executors.default - INFO - Running job "keep_databases_alive (trigger: interval[0:03:00], next run at: 2025-10-20 10:29:59 EAT)" (scheduled at 2025-10-20 10:26:59.242813+03:00)
2025-10-20 10:26:59,304 - apscheduler.executors.default - INFO - Running job "periodic_cleanup (trigger: interval[0:01:00], next run at: 2025-10-20 10:27:59 EAT)" (scheduled at 2025-10-20 10:26:59.303166+03:00)
2025-10-20 10:26:59,308 - apscheduler.executors.default - INFO - Job "periodic_cleanup (trigger: interval[0:01:00], next run at: 2025-10-20 10:27:59 EAT)" executed successfully
2025-10-20 10:26:59,310 - apscheduler.executors.default - INFO - Running job "ping_urls (trigger: interval[0:03:00], next run at: 2025-10-20 10:29:59 EAT)" (scheduled at 2025-10-20 10:26:59.306282+03:00)
2025-10-20 10:27:02,631 - apscheduler.executors.default - INFO - Job "keep_databases_alive (trigger: interval[0:03:00], next run at: 2025-10-20 10:29:59 EAT)" executed successfully
2025-10-20 10:27:03,164 - apscheduler.executors.default - INFO - Job "ping_urls (trigger: interval[0:03:00], next run at: 2025-10-20 10:29:59 EAT)" executed successfully
2025-10-20 10:27:17,897 - apscheduler.scheduler - INFO - Scheduler has been shut down
2025-10-20 10:27:44,298 - apscheduler.scheduler - INFO - Adding job tentatively -- it will be properly scheduled when the scheduler starts
2025-10-20 10:27:44,302 - apscheduler.scheduler - INFO - Added job "clone_database_robust" to job store "default"
2025-10-20 10:27:44,302 - apscheduler.scheduler - INFO - Scheduler started
2025-10-20 10:27:44,305 - apscheduler.scheduler - INFO - Adding job tentatively -- it will be properly scheduled when the scheduler starts
2025-10-20 10:27:44,306 - apscheduler.scheduler - INFO - Added job "keep_databases_alive" to job store "default"
2025-10-20 10:27:44,309 - apscheduler.scheduler - INFO - Scheduler started
2025-10-20 10:27:44,314 - apscheduler.scheduler - INFO - Adding job tentatively -- it will be properly scheduled when the scheduler starts
2025-10-20 10:27:44,316 - apscheduler.scheduler - INFO - Added job "delete_old_announcements" to job store "default"
2025-10-20 10:27:44,318 - apscheduler.scheduler - INFO - Scheduler started
2025-10-20 10:27:44,360 - apscheduler.scheduler - INFO - Adding job tentatively -- it will be properly scheduled when the scheduler starts
2025-10-20 10:27:44,361 - apscheduler.scheduler - INFO - Added job "periodic_cleanup" to job store "default"
2025-10-20 10:27:44,362 - apscheduler.scheduler - INFO - Scheduler started
2025-10-20 10:27:44,366 - apscheduler.scheduler - INFO - Adding job tentatively -- it will be properly scheduled when the scheduler starts
2025-10-20 10:27:44,367 - apscheduler.scheduler - INFO - Added job "ping_urls" to job store "default"
2025-10-20 10:27:44,370 - apscheduler.scheduler - INFO - Scheduler started
2025-10-20 10:28:44,362 - apscheduler.executors.default - INFO - Running job "periodic_cleanup (trigger: interval[0:01:00], next run at: 2025-10-20 10:28:44 EAT)" (scheduled at 2025-10-20 10:28:44.360432+03:00)
2025-10-20 10:28:44,372 - apscheduler.executors.default - ERROR - Job "periodic_cleanup (trigger: interval[0:01:00], next run at: 2025-10-20 10:28:44 EAT)" raised an exception
Traceback (most recent call last):
  File "/home/lyxin/.venv/lib/python3.12/site-packages/apscheduler/executors/base.py", line 131, in run_job
    retval = job.func(*job.args, **job.kwargs)
             ^^^^^^^^^^^^^^^^^^^^^^^^^^^^^^^^^
  File "/mnt/c/Users/HP/LyxNexus/app.py", line 1806, in periodic_cleanup
    cleanup_disconnected_users()
  File "/mnt/c/Users/HP/LyxNexus/app.py", line 1379, in cleanup_disconnected_users
    emit('user_left', {
  File "/home/lyxin/.venv/lib/python3.12/site-packages/flask_socketio/__init__.py", line 899, in emit
    namespace = flask.request.namespace
                ^^^^^^^^^^^^^^^^^^^^^^^
  File "/home/lyxin/.venv/lib/python3.12/site-packages/werkzeug/local.py", line 311, in __get__
    obj = instance._get_current_object()
          ^^^^^^^^^^^^^^^^^^^^^^^^^^^^^^
  File "/home/lyxin/.venv/lib/python3.12/site-packages/werkzeug/local.py", line 508, in _get_current_object
    raise RuntimeError(unbound_message) from None
RuntimeError: Working outside of request context.

This typically means that you attempted to use functionality that needed
an active HTTP request. Consult the documentation on testing for
information about how to avoid this problem.
2025-10-20 10:29:44,327 - apscheduler.scheduler - INFO - Scheduler has been shut down
2025-10-20 10:30:13,322 - apscheduler.scheduler - INFO - Adding job tentatively -- it will be properly scheduled when the scheduler starts
2025-10-20 10:30:13,332 - apscheduler.scheduler - INFO - Added job "clone_database_robust" to job store "default"
2025-10-20 10:30:13,333 - apscheduler.scheduler - INFO - Scheduler started
2025-10-20 10:30:13,347 - apscheduler.scheduler - INFO - Adding job tentatively -- it will be properly scheduled when the scheduler starts
2025-10-20 10:30:13,351 - apscheduler.scheduler - INFO - Added job "keep_databases_alive" to job store "default"
2025-10-20 10:30:13,368 - apscheduler.scheduler - INFO - Scheduler started
2025-10-20 10:30:13,372 - apscheduler.scheduler - INFO - Adding job tentatively -- it will be properly scheduled when the scheduler starts
2025-10-20 10:30:13,383 - apscheduler.scheduler - INFO - Added job "delete_old_announcements" to job store "default"
2025-10-20 10:30:13,384 - apscheduler.scheduler - INFO - Scheduler started
2025-10-20 10:30:13,449 - apscheduler.scheduler - INFO - Adding job tentatively -- it will be properly scheduled when the scheduler starts
2025-10-20 10:30:13,451 - apscheduler.scheduler - INFO - Added job "periodic_cleanup" to job store "default"
2025-10-20 10:30:13,452 - apscheduler.scheduler - INFO - Scheduler started
2025-10-20 10:30:13,454 - apscheduler.scheduler - INFO - Adding job tentatively -- it will be properly scheduled when the scheduler starts
2025-10-20 10:30:13,464 - apscheduler.scheduler - INFO - Added job "ping_urls" to job store "default"
2025-10-20 10:30:13,465 - apscheduler.scheduler - INFO - Scheduler started
2025-10-20 10:31:13,456 - apscheduler.executors.default - INFO - Running job "periodic_cleanup (trigger: interval[0:01:00], next run at: 2025-10-20 10:31:13 EAT)" (scheduled at 2025-10-20 10:31:13.449362+03:00)
2025-10-20 10:31:13,474 - apscheduler.executors.default - ERROR - Job "periodic_cleanup (trigger: interval[0:01:00], next run at: 2025-10-20 10:31:13 EAT)" raised an exception
Traceback (most recent call last):
  File "/home/lyxin/.venv/lib/python3.12/site-packages/apscheduler/executors/base.py", line 131, in run_job
    retval = job.func(*job.args, **job.kwargs)
             ^^^^^^^^^^^^^^^^^^^^^^^^^^^^^^^^^
  File "/mnt/c/Users/HP/LyxNexus/app.py", line 1809, in periodic_cleanup
    cleanup_disconnected_users()
  File "/mnt/c/Users/HP/LyxNexus/app.py", line 1382, in cleanup_disconnected_users
    emit('user_left', {
  File "/home/lyxin/.venv/lib/python3.12/site-packages/flask_socketio/__init__.py", line 899, in emit
    namespace = flask.request.namespace
                ^^^^^^^^^^^^^^^^^^^^^^^
  File "/home/lyxin/.venv/lib/python3.12/site-packages/werkzeug/local.py", line 311, in __get__
    obj = instance._get_current_object()
          ^^^^^^^^^^^^^^^^^^^^^^^^^^^^^^
  File "/home/lyxin/.venv/lib/python3.12/site-packages/werkzeug/local.py", line 508, in _get_current_object
    raise RuntimeError(unbound_message) from None
RuntimeError: Working outside of request context.

This typically means that you attempted to use functionality that needed
an active HTTP request. Consult the documentation on testing for
information about how to avoid this problem.
2025-10-20 10:32:13,451 - apscheduler.executors.default - INFO - Running job "periodic_cleanup (trigger: interval[0:01:00], next run at: 2025-10-20 10:33:13 EAT)" (scheduled at 2025-10-20 10:32:13.449362+03:00)
2025-10-20 10:32:13,453 - apscheduler.executors.default - INFO - Job "periodic_cleanup (trigger: interval[0:01:00], next run at: 2025-10-20 10:33:13 EAT)" executed successfully
2025-10-20 10:33:13,350 - apscheduler.executors.default - INFO - Running job "keep_databases_alive (trigger: interval[0:03:00], next run at: 2025-10-20 10:33:13 EAT)" (scheduled at 2025-10-20 10:33:13.347409+03:00)
2025-10-20 10:33:13,553 - apscheduler.executors.default - INFO - Running job "periodic_cleanup (trigger: interval[0:01:00], next run at: 2025-10-20 10:34:13 EAT)" (scheduled at 2025-10-20 10:33:13.449362+03:00)
2025-10-20 10:33:13,570 - apscheduler.executors.default - INFO - Job "periodic_cleanup (trigger: interval[0:01:00], next run at: 2025-10-20 10:34:13 EAT)" executed successfully
2025-10-20 10:33:13,579 - apscheduler.executors.default - INFO - Running job "ping_urls (trigger: interval[0:03:00], next run at: 2025-10-20 10:33:13 EAT)" (scheduled at 2025-10-20 10:33:13.454263+03:00)
2025-10-20 10:33:17,464 - apscheduler.executors.default - INFO - Job "ping_urls (trigger: interval[0:03:00], next run at: 2025-10-20 10:36:13 EAT)" executed successfully
2025-10-20 10:33:26,838 - apscheduler.executors.default - INFO - Job "keep_databases_alive (trigger: interval[0:03:00], next run at: 2025-10-20 10:36:13 EAT)" executed successfully
2025-10-20 10:34:13,451 - apscheduler.executors.default - INFO - Running job "periodic_cleanup (trigger: interval[0:01:00], next run at: 2025-10-20 10:35:13 EAT)" (scheduled at 2025-10-20 10:34:13.449362+03:00)
2025-10-20 10:34:13,452 - apscheduler.executors.default - INFO - Job "periodic_cleanup (trigger: interval[0:01:00], next run at: 2025-10-20 10:35:13 EAT)" executed successfully
2025-10-20 10:35:13,451 - apscheduler.executors.default - INFO - Running job "periodic_cleanup (trigger: interval[0:01:00], next run at: 2025-10-20 10:36:13 EAT)" (scheduled at 2025-10-20 10:35:13.449362+03:00)
2025-10-20 10:35:13,452 - apscheduler.executors.default - INFO - Job "periodic_cleanup (trigger: interval[0:01:00], next run at: 2025-10-20 10:36:13 EAT)" executed successfully
2025-10-20 10:36:13,349 - apscheduler.executors.default - INFO - Running job "keep_databases_alive (trigger: interval[0:03:00], next run at: 2025-10-20 10:39:13 EAT)" (scheduled at 2025-10-20 10:36:13.347409+03:00)
2025-10-20 10:36:13,451 - apscheduler.executors.default - INFO - Running job "periodic_cleanup (trigger: interval[0:01:00], next run at: 2025-10-20 10:37:13 EAT)" (scheduled at 2025-10-20 10:36:13.449362+03:00)
2025-10-20 10:36:13,453 - apscheduler.executors.default - INFO - Job "periodic_cleanup (trigger: interval[0:01:00], next run at: 2025-10-20 10:37:13 EAT)" executed successfully
2025-10-20 10:36:13,458 - apscheduler.executors.default - INFO - Running job "ping_urls (trigger: interval[0:03:00], next run at: 2025-10-20 10:39:13 EAT)" (scheduled at 2025-10-20 10:36:13.454263+03:00)
2025-10-20 10:36:17,032 - apscheduler.executors.default - INFO - Job "keep_databases_alive (trigger: interval[0:03:00], next run at: 2025-10-20 10:39:13 EAT)" executed successfully
2025-10-20 10:36:19,089 - apscheduler.executors.default - INFO - Job "ping_urls (trigger: interval[0:03:00], next run at: 2025-10-20 10:39:13 EAT)" executed successfully
2025-10-20 10:37:13,450 - apscheduler.executors.default - INFO - Running job "periodic_cleanup (trigger: interval[0:01:00], next run at: 2025-10-20 10:38:13 EAT)" (scheduled at 2025-10-20 10:37:13.449362+03:00)
2025-10-20 10:37:13,452 - apscheduler.executors.default - INFO - Job "periodic_cleanup (trigger: interval[0:01:00], next run at: 2025-10-20 10:38:13 EAT)" executed successfully
2025-10-20 10:38:13,451 - apscheduler.executors.default - INFO - Running job "periodic_cleanup (trigger: interval[0:01:00], next run at: 2025-10-20 10:39:13 EAT)" (scheduled at 2025-10-20 10:38:13.449362+03:00)
2025-10-20 10:38:13,452 - apscheduler.executors.default - INFO - Job "periodic_cleanup (trigger: interval[0:01:00], next run at: 2025-10-20 10:39:13 EAT)" executed successfully
2025-10-20 10:39:13,349 - apscheduler.executors.default - INFO - Running job "keep_databases_alive (trigger: interval[0:03:00], next run at: 2025-10-20 10:42:13 EAT)" (scheduled at 2025-10-20 10:39:13.347409+03:00)
2025-10-20 10:39:13,450 - apscheduler.executors.default - INFO - Running job "periodic_cleanup (trigger: interval[0:01:00], next run at: 2025-10-20 10:40:13 EAT)" (scheduled at 2025-10-20 10:39:13.449362+03:00)
2025-10-20 10:39:13,452 - apscheduler.executors.default - INFO - Job "periodic_cleanup (trigger: interval[0:01:00], next run at: 2025-10-20 10:40:13 EAT)" executed successfully
2025-10-20 10:39:13,461 - apscheduler.executors.default - INFO - Running job "ping_urls (trigger: interval[0:03:00], next run at: 2025-10-20 10:42:13 EAT)" (scheduled at 2025-10-20 10:39:13.454263+03:00)
2025-10-20 10:39:16,399 - apscheduler.executors.default - INFO - Job "keep_databases_alive (trigger: interval[0:03:00], next run at: 2025-10-20 10:42:13 EAT)" executed successfully
2025-10-20 10:39:18,185 - apscheduler.executors.default - INFO - Job "ping_urls (trigger: interval[0:03:00], next run at: 2025-10-20 10:42:13 EAT)" executed successfully
2025-10-20 10:39:34,561 - apscheduler.scheduler - INFO - Scheduler has been shut down
2025-10-20 10:39:58,605 - apscheduler.scheduler - INFO - Adding job tentatively -- it will be properly scheduled when the scheduler starts
2025-10-20 10:39:58,608 - apscheduler.scheduler - INFO - Added job "keep_databases_alive" to job store "default"
2025-10-20 10:39:58,609 - apscheduler.scheduler - INFO - Scheduler started
2025-10-20 10:39:58,612 - apscheduler.scheduler - INFO - Adding job tentatively -- it will be properly scheduled when the scheduler starts
2025-10-20 10:39:58,614 - apscheduler.scheduler - INFO - Added job "delete_old_announcements" to job store "default"
2025-10-20 10:39:58,616 - apscheduler.scheduler - INFO - Scheduler started
2025-10-20 10:39:58,673 - apscheduler.scheduler - INFO - Adding job tentatively -- it will be properly scheduled when the scheduler starts
2025-10-20 10:39:58,675 - apscheduler.scheduler - INFO - Added job "periodic_cleanup" to job store "default"
2025-10-20 10:39:58,675 - apscheduler.scheduler - INFO - Scheduler started
2025-10-20 10:39:58,680 - apscheduler.scheduler - INFO - Adding job tentatively -- it will be properly scheduled when the scheduler starts
2025-10-20 10:39:58,682 - apscheduler.scheduler - INFO - Added job "ping_urls" to job store "default"
2025-10-20 10:39:58,682 - apscheduler.scheduler - INFO - Scheduler started
2025-10-20 10:40:58,680 - apscheduler.executors.default - INFO - Running job "periodic_cleanup (trigger: interval[0:01:00], next run at: 2025-10-20 10:40:58 EAT)" (scheduled at 2025-10-20 10:40:58.673720+03:00)
2025-10-20 10:40:58,685 - apscheduler.executors.default - INFO - Job "periodic_cleanup (trigger: interval[0:01:00], next run at: 2025-10-20 10:40:58 EAT)" executed successfully
2025-10-20 10:41:58,676 - apscheduler.executors.default - INFO - Running job "periodic_cleanup (trigger: interval[0:01:00], next run at: 2025-10-20 10:42:58 EAT)" (scheduled at 2025-10-20 10:41:58.673720+03:00)
2025-10-20 10:41:58,677 - apscheduler.executors.default - INFO - Job "periodic_cleanup (trigger: interval[0:01:00], next run at: 2025-10-20 10:42:58 EAT)" executed successfully
2025-10-20 10:42:27,050 - apscheduler.scheduler - INFO - Scheduler has been shut down
2025-10-20 10:43:16,150 - apscheduler.scheduler - INFO - Adding job tentatively -- it will be properly scheduled when the scheduler starts
2025-10-20 10:43:16,154 - apscheduler.scheduler - INFO - Added job "keep_databases_alive" to job store "default"
2025-10-20 10:43:16,155 - apscheduler.scheduler - INFO - Scheduler started
2025-10-20 10:43:16,165 - apscheduler.scheduler - INFO - Adding job tentatively -- it will be properly scheduled when the scheduler starts
2025-10-20 10:43:16,167 - apscheduler.scheduler - INFO - Added job "delete_old_announcements" to job store "default"
2025-10-20 10:43:16,168 - apscheduler.scheduler - INFO - Scheduler started
2025-10-20 10:43:16,224 - apscheduler.scheduler - INFO - Adding job tentatively -- it will be properly scheduled when the scheduler starts
2025-10-20 10:43:16,225 - apscheduler.scheduler - INFO - Added job "periodic_cleanup" to job store "default"
2025-10-20 10:43:16,227 - apscheduler.scheduler - INFO - Scheduler started
2025-10-20 10:43:16,230 - apscheduler.scheduler - INFO - Adding job tentatively -- it will be properly scheduled when the scheduler starts
2025-10-20 10:43:16,231 - apscheduler.scheduler - INFO - Added job "ping_urls" to job store "default"
2025-10-20 10:43:16,233 - apscheduler.scheduler - INFO - Scheduler started
2025-10-20 10:44:16,227 - apscheduler.executors.default - INFO - Running job "periodic_cleanup (trigger: interval[0:01:00], next run at: 2025-10-20 10:44:16 EAT)" (scheduled at 2025-10-20 10:44:16.224285+03:00)
2025-10-20 10:44:16,263 - apscheduler.executors.default - INFO - Job "periodic_cleanup (trigger: interval[0:01:00], next run at: 2025-10-20 10:44:16 EAT)" executed successfully
2025-10-20 10:45:16,368 - apscheduler.executors.default - INFO - Running job "periodic_cleanup (trigger: interval[0:01:00], next run at: 2025-10-20 10:46:16 EAT)" (scheduled at 2025-10-20 10:45:16.224285+03:00)
2025-10-20 10:45:16,956 - apscheduler.executors.default - INFO - Job "periodic_cleanup (trigger: interval[0:01:00], next run at: 2025-10-20 10:46:16 EAT)" executed successfully
2025-10-20 10:45:20,076 - apscheduler.scheduler - INFO - Scheduler has been shut down
